<?xml version="1.0" encoding="UTF-8"?>
<!-- Generated by org.testng.reporters.JUnitXMLReporter -->
<testsuite hostname="HOME-VAIO" ignored="0" name="Test Name" tests="1" failures="0" timestamp="03 Jan 2019 16:06:08 GMT" time="0.048" errors="0">
  <testcase name="@BeforeMethod setDriver" time="0.0" classname="com.ss.selinium.script.FirstProgram">
    <failure type="org.testng.TestNGException" message="
Parameter &amp;apos;Browser&amp;apos; is required by BeforeMethod on method setDriver but has not been marked @Optional or defined
in D:\Java Workspace\MyProject\browser.xml">
      <![CDATA[org.testng.TestNGException: 
Parameter 'Browser' is required by BeforeMethod on method setDriver but has not been marked @Optional or defined
in D:\Java Workspace\MyProject\browser.xml
... Removed 25 stack frames]]>
    </failure>
  </testcase> <!-- @BeforeMethod setDriver -->
  <testcase name="test1" time="0.0" classname="com.ss.selinium.script.FirstProgram">
    <skipped/>
  </testcase> <!-- test1 -->
</testsuite> <!-- Test Name -->
